2020-12-01 12:53:33;Inside MemberTypeBankingMasterRequest [slno=null, relationshipCode=null, relationship=null, name=null, shareValue=null, minShare=null, maxShare=null, dividendDeclared=null, createdBy=null, modifiedBy=null, memberType=null]
2020-12-01 13:05:01;Inside MemberTypeBankingMasterRequest [slno=null, relationshipCode=null, relationship=null, name=shareHolder, shareValue=null, minShare=null, maxShare=null, dividendDeclared=null, createdBy=sat, modifiedBy=null, memberType=null]
2020-12-01 13:05:01;MemberType created successfullyMemberType [slno=14, name=shareHolder, createdBy=sat, modifiedBy=null, createdOn=2020-12-01, createdAt=13:05:01, modifiedAt=null, modifiedOn=null]
2020-12-01 13:08:52;Inside MemberTypeBankingMasterRequest [slno=null, relationshipCode=null, relationship=null, name=Nominal Member, shareValue=null, minShare=null, maxShare=null, dividendDeclared=null, createdBy=sat, modifiedBy=null, memberType=null]
2020-12-01 13:08:52;MemberType created successfullyMemberType [slno=15, name=Nominal Member, createdBy=sat, modifiedBy=null, createdOn=2020-12-01, createdAt=13:08:52, modifiedAt=null, modifiedOn=null]
2020-12-01 13:09:33;Inside RelationshipBankingMasterRequest [slno=1, relationshipCode=null, relationship=null, name=null, shareValue=null, minShare=null, maxShare=null, dividendDeclared=null, createdBy=null, modifiedBy=null, memberType=null]
2020-12-01 13:11:14;Inside RelationshipBankingMasterRequest [slno=1, relationshipCode=null, relationship=null, name=Share Holder, shareValue=null, minShare=null, maxShare=null, dividendDeclared=null, createdBy=null, modifiedBy=sat, memberType=null]
2020-12-01 13:16:55;Inside MemberTypeBankingMasterRequest [slno=null, relationshipCode=null, relationship=null, name=null, shareValue=100.0, minShare=150, maxShare=600, dividendDeclared=152.0, createdBy=sat, modifiedBy=null, memberType=1]
2020-12-01 13:25:28;Inside MemberTypeBankingMasterRequest [slno=null, relationshipCode=null, relationship=null, name=null, shareValue=100.0, minShare=150, maxShare=600, dividendDeclared=152.0, createdBy=sat, modifiedBy=null, memberType=1]
2020-12-01 13:31:27;Inside MemberTypeBankingMasterRequest [slno=null, relationshipCode=null, relationship=null, name=null, shareValue=100.0, minShare=150, maxShare=600, dividendDeclared=152.0, createdBy=sat, modifiedBy=null, memberType=1]
2020-12-01 13:33:25;Inside RelationshipBankingMasterRequest [slno=null, relationshipCode=sis, relationship=Sister, name=null, shareValue=null, minShare=null, maxShare=null, dividendDeclared=null, createdBy=keerthana, modifiedBy=null, memberType=null]
2020-12-01 13:33:26;Relationship created successfullyRelationship [slno=16, relationshipCode=sis, relationship=Sister, createdBy=keerthana, modifiedBy=null, createdOn=2020-12-01, createdAt=13:33:25, modifiedAt=null, modifiedOn=null]
2020-12-01 13:35:39;Inside RelationshipBankingMasterRequest [slno=null, relationshipCode=Mom, relationship=Mother, name=null, shareValue=null, minShare=null, maxShare=null, dividendDeclared=null, createdBy=divya, modifiedBy=null, memberType=null]
2020-12-01 13:35:39;Relationship created successfullyRelationship [slno=17, relationshipCode=Mom, relationship=Mother, createdBy=divya, modifiedBy=null, createdOn=2020-12-01, createdAt=13:35:39, modifiedAt=null, modifiedOn=null]
2020-12-01 13:35:48;Inside MemberTypeBankingMasterRequest [slno=null, relationshipCode=null, relationship=null, name=null, shareValue=100.0, minShare=150, maxShare=600, dividendDeclared=152.0, createdBy=sat, modifiedBy=null, memberType=1]
2020-12-01 13:35:49;ShareParameter created successfullycom.app.entity.ShareParameter@1057dacf
2020-12-01 13:37:43;Inside RelationshipBankingMasterRequest [slno=null, relationshipCode=Mom, relationship=Mother, name=null, shareValue=null, minShare=null, maxShare=null, dividendDeclared=null, createdBy=divya, modifiedBy=null, memberType=null]
2020-12-01 13:37:43;Inside MemberTypeBankingMasterRequest [slno=null, relationshipCode=null, relationship=null, name=null, shareValue=100.0, minShare=150, maxShare=600, dividendDeclared=152.0, createdBy=sat, modifiedBy=null, memberType=5]
2020-12-01 13:38:42;Inside MemberTypeBankingMasterRequest [slno=null, relationshipCode=null, relationship=null, name=null, shareValue=100.0, minShare=150, maxShare=600, dividendDeclared=152.0, createdBy=sat, modifiedBy=null, memberType=2]
2020-12-01 13:38:42;ShareParameter created successfullycom.app.entity.ShareParameter@1ffb8957
2020-12-01 13:39:27;Inside MemberTypeBankingMasterRequest [slno=null, relationshipCode=null, relationship=null, name=null, shareValue=100.0, minShare=150, maxShare=600, dividendDeclared=152.0, createdBy=sat, modifiedBy=null, memberType=2]
2020-12-01 13:39:27;ShareParameter created successfullycom.app.entity.ShareParameter@da6b0bd
2020-12-01 13:40:32;Inside RelationshipBankingMasterRequest [slno=null, relationshipCode=Mom, relationship=Mother, name=null, shareValue=null, minShare=null, maxShare=null, dividendDeclared=null, createdBy=divya, modifiedBy=null, memberType=null]
2020-12-01 13:51:23;Inside MemberTypeBankingMasterRequest [slno=null, relationshipCode=null, relationship=null, name=null, shareValue=100.0, minShare=150, maxShare=600, dividendDeclared=152.0, createdBy=sat, modifiedBy=null, memberType=2]
2020-12-01 13:53:12;Inside MemberTypeBankingMasterRequest [slno=null, relationshipCode=null, relationship=null, name=null, shareValue=100.0, minShare=150, maxShare=600, dividendDeclared=152.0, createdBy=sat, modifiedBy=null, memberType=2]
2020-12-01 13:54:44;Inside RelationshipBankingMasterRequest [slno=9, relationshipCode=Mom, relationship=Mother, name=null, shareValue=null, minShare=null, maxShare=null, dividendDeclared=null, createdBy=divya, modifiedBy=null, memberType=null]
2020-12-01 13:55:11;Inside MemberTypeBankingMasterRequest [slno=null, relationshipCode=null, relationship=null, name=null, shareValue=100.0, minShare=150, maxShare=600, dividendDeclared=152.0, createdBy=sat, modifiedBy=null, memberType=1]
2020-12-01 13:55:17;Inside MemberTypeBankingMasterRequest [slno=null, relationshipCode=null, relationship=null, name=null, shareValue=100.0, minShare=150, maxShare=600, dividendDeclared=152.0, createdBy=sat, modifiedBy=null, memberType=10]
2020-12-01 13:55:46;Inside RelationshipBankingMasterRequest [slno=null, relationshipCode=Mom, relationship=Mother, name=null, shareValue=null, minShare=null, maxShare=null, dividendDeclared=null, createdBy=divya, modifiedBy=null, memberType=null]
2020-12-01 14:05:12;Inside RelationshipBankingMasterRequest [slno=1, relationshipCode=Fath, relationship=father, name=null, shareValue=null, minShare=null, maxShare=null, dividendDeclared=null, createdBy=divya, modifiedBy=admin, memberType=null]
2020-12-01 14:05:12;Relationship created successfullyRelationship [slno=21, relationshipCode=Fath, relationship=father, createdBy=divya, modifiedBy=null, createdOn=2020-12-01, createdAt=14:05:12, modifiedAt=null, modifiedOn=null]
2020-12-01 14:06:20;Inside RelationshipBankingMasterRequest [slno=10, relationshipCode=Fath, relationship=father, name=null, shareValue=null, minShare=null, maxShare=null, dividendDeclared=null, createdBy=divya, modifiedBy=admin, memberType=null]
2020-12-01 14:06:44;Inside RelationshipBankingMasterRequest [slno=9, relationshipCode=Fath, relationship=father, name=null, shareValue=null, minShare=null, maxShare=null, dividendDeclared=null, createdBy=divya, modifiedBy=admin, memberType=null]
2020-12-01 14:07:11;Inside RelationshipBankingMasterRequest [slno=9, relationshipCode=MIL, relationship=Mom in law, name=null, shareValue=null, minShare=null, maxShare=null, dividendDeclared=null, createdBy=divya, modifiedBy=admin, memberType=null]
2020-12-01 14:08:09;Inside RelationshipBankingMasterRequest [slno=10, relationshipCode=MIL, relationship=Mom in law, name=null, shareValue=null, minShare=null, maxShare=null, dividendDeclared=null, createdBy=divya, modifiedBy=admin, memberType=null]
2020-12-01 14:09:34;Inside MemberTypeBankingMasterRequest [slno=null, relationshipCode=null, relationship=null, name=null, shareValue=100.0, minShare=150, maxShare=600, dividendDeclared=152.0, createdBy=sat, modifiedBy=null, memberType=1]
2020-12-01 15:08:45;Inside MemberTypeBankingMasterRequest [slno=null, relationshipCode=null, relationship=null, name=null, shareValue=100.0, minShare=150, maxShare=600, dividendDeclared=152.0, createdBy=sat, modifiedBy=null, memberType=1]
2020-12-01 15:10:53;Inside MemberTypeBankingMasterRequest [slno=null, relationshipCode=null, relationship=null, name=null, shareValue=100.0, minShare=150, maxShare=600, dividendDeclared=152.0, createdBy=sat, modifiedBy=null, memberType=1]
2020-12-01 15:12:14;Inside MemberTypeBankingMasterRequest [slno=null, relationshipCode=null, relationship=null, name=null, shareValue=100.0, minShare=150, maxShare=600, dividendDeclared=152.0, createdBy=sat, modifiedBy=null, memberType=3]
2020-12-01 15:12:28;Inside MemberTypeBankingMasterRequest [slno=null, relationshipCode=null, relationship=null, name=null, shareValue=100.0, minShare=150, maxShare=600, dividendDeclared=152.0, createdBy=sat, modifiedBy=null, memberType=1]
2020-12-01 15:14:00;Inside MemberTypeBankingMasterRequest [slno=null, relationshipCode=null, relationship=null, name=null, shareValue=100.0, minShare=150, maxShare=600, dividendDeclared=152.0, createdBy=sat, modifiedBy=null, memberType=1]
2020-12-01 15:14:42;Inside MemberTypeBankingMasterRequest [slno=null, relationshipCode=null, relationship=null, name=null, shareValue=100.0, minShare=150, maxShare=600, dividendDeclared=152.0, createdBy=sat, modifiedBy=null, memberType=1]
2020-12-01 15:15:46;Inside MemberTypeBankingMasterRequest [slno=null, relationshipCode=null, relationship=null, name=Share , shareValue=null, minShare=null, maxShare=null, dividendDeclared=null, createdBy=sat, modifiedBy=null, memberType=null]
2020-12-01 15:15:46;MemberType created successfullyMemberType [slno=22, name=Share , createdBy=sat, modifiedBy=null, createdOn=2020-12-01, createdAt=15:15:46, modifiedAt=null, modifiedOn=null]
2020-12-01 15:15:57;Inside MemberTypeBankingMasterRequest [slno=null, relationshipCode=null, relationship=null, name=null, shareValue=100.0, minShare=150, maxShare=600, dividendDeclared=152.0, createdBy=sat, modifiedBy=null, memberType=1]
2020-12-01 15:16:39;Inside MemberTypeBankingMasterRequest [slno=null, relationshipCode=null, relationship=null, name=null, shareValue=110.0, minShare=150, maxShare=600, dividendDeclared=152.0, createdBy=sat, modifiedBy=null, memberType=1]
2020-12-01 15:16:47;Inside MemberTypeBankingMasterRequest [slno=null, relationshipCode=null, relationship=null, name=null, shareValue=110.0, minShare=150, maxShare=600, dividendDeclared=152.0, createdBy=sat, modifiedBy=null, memberType=3]
2020-12-01 15:17:55;Inside MemberTypeBankingMasterRequest [slno=null, relationshipCode=null, relationship=null, name=null, shareValue=100.0, minShare=150, maxShare=600, dividendDeclared=152.0, createdBy=sat, modifiedBy=null, memberType=2]
2020-12-01 15:18:54;Inside MemberTypeBankingMasterRequest [slno=null, relationshipCode=null, relationship=null, name=null, shareValue=100.0, minShare=150, maxShare=600, dividendDeclared=152.0, createdBy=sat, modifiedBy=null, memberType=1]
2020-12-01 15:20:17;Inside MemberTypeBankingMasterRequest [slno=null, relationshipCode=null, relationship=null, name=Goa, shareValue=100.0, minShare=150, maxShare=600, dividendDeclared=152.0, createdBy=sat, modifiedBy=null, memberType=null]
2020-12-01 15:21:27;Inside MemberTypeBankingMasterRequest [slno=null, relationshipCode=null, relationship=null, name=null, shareValue=100.0, minShare=150, maxShare=600, dividendDeclared=152.0, createdBy=sat, modifiedBy=null, memberType=null]
2020-12-01 15:22:08;Inside MemberTypeBankingMasterRequest [slno=null, relationshipCode=null, relationship=null, name=null, shareValue=100.0, minShare=150, maxShare=600, dividendDeclared=152.0, createdBy=sat, modifiedBy=null, memberType=null]
2020-12-01 15:24:40;Inside MemberTypeBankingMasterRequest [slno=null, relationshipCode=null, relationship=null, name=1, shareValue=100.0, minShare=150, maxShare=600, dividendDeclared=152.0, createdBy=sat, modifiedBy=null, memberType=null]
2020-12-01 15:24:48;Inside MemberTypeBankingMasterRequest [slno=null, relationshipCode=null, relationship=null, name=null, shareValue=100.0, minShare=150, maxShare=600, dividendDeclared=152.0, createdBy=sat, modifiedBy=null, memberType=null]
2020-12-01 15:25:00;Inside MemberTypeBankingMasterRequest [slno=null, relationshipCode=null, relationship=null, name=null, shareValue=100.0, minShare=150, maxShare=600, dividendDeclared=152.0, createdBy=sat, modifiedBy=null, memberType=1]
2020-12-01 15:25:20;Inside MemberTypeBankingMasterRequest [slno=null, relationshipCode=null, relationship=null, name=null, shareValue=100.0, minShare=150, maxShare=600, dividendDeclared=152.0, createdBy=sat, modifiedBy=null, memberType=3]
2020-12-01 15:26:58;Inside MemberTypeBankingMasterRequest [slno=null, relationshipCode=null, relationship=null, name=null, shareValue=100.0, minShare=150, maxShare=600, dividendDeclared=152.0, createdBy=sat, modifiedBy=null, memberType=1]
2020-12-01 15:28:15;Inside MemberTypeBankingMasterRequest [slno=null, relationshipCode=null, relationship=null, name=null, shareValue=100.0, minShare=150, maxShare=600, dividendDeclared=152.0, createdBy=sat, modifiedBy=null, memberType=1]
2020-12-01 15:32:59;Inside MemberTypeBankingMasterRequest [slno=null, relationshipCode=null, relationship=null, name=null, shareValue=100.0, minShare=150, maxShare=600, dividendDeclared=152.0, createdBy=sat, modifiedBy=null, memberType=1]
2020-12-01 15:33:26;Inside MemberTypeBankingMasterRequest [slno=null, relationshipCode=null, relationship=null, name=null, shareValue=100.0, minShare=150, maxShare=600, dividendDeclared=152.0, createdBy=sat, modifiedBy=null, memberType=1]
2020-12-01 15:33:31;Inside MemberTypeBankingMasterRequest [slno=null, relationshipCode=null, relationship=null, name=null, shareValue=100.0, minShare=150, maxShare=600, dividendDeclared=152.0, createdBy=sat, modifiedBy=null, memberType=0]
2020-12-01 15:33:36;Inside MemberTypeBankingMasterRequest [slno=null, relationshipCode=null, relationship=null, name=null, shareValue=100.0, minShare=150, maxShare=600, dividendDeclared=152.0, createdBy=sat, modifiedBy=null, memberType=1]
2020-12-01 15:43:57;Inside ShareParameterBankingMasterRequest [slno=1, relationshipCode=null, relationship=null, name=null, shareValue=null, minShare=null, maxShare=null, dividendDeclared=null, createdBy=null, modifiedBy=null, memberType=null]
2020-12-01 15:44:08;Inside ShareParameterBankingMasterRequest [slno=2, relationshipCode=null, relationship=null, name=null, shareValue=null, minShare=null, maxShare=null, dividendDeclared=null, createdBy=null, modifiedBy=null, memberType=null]
2020-12-01 16:09:43;Inside ShareParameterBankingMasterRequest [slno=null, relationshipCode=null, relationship=null, name=null, shareValue=100.0, minShare=150, maxShare=600, dividendDeclared=152.0, createdBy=sat, modifiedBy=null, memberType=1]
2020-12-01 16:13:16;Inside ShareParameterBankingMasterRequest [slno=null, relationshipCode=null, relationship=null, name=null, shareValue=100.0, minShare=150, maxShare=600, dividendDeclared=152.0, createdBy=sat, modifiedBy=null, memberType=1]
2020-12-01 16:13:35;Inside ShareParameterBankingMasterRequest [slno=null, relationshipCode=null, relationship=null, name=null, shareValue=100.0, minShare=150, maxShare=600, dividendDeclared=152.0, createdBy=sat, modifiedBy=null, memberType=10]
2020-12-01 16:28:15;Inside RelationshipBankingMasterRequest [slno=1, relationshipCode=null, relationship=null, name=null, shareValue=null, minShare=null, maxShare=null, dividendDeclared=null, createdBy=null, modifiedBy=null, memberType=null]
2020-12-01 16:28:38;Inside ShareParameterBankingMasterRequest [slno=null, relationshipCode=null, relationship=null, name=null, shareValue=100.0, minShare=150, maxShare=600, dividendDeclared=152.0, createdBy=sat, modifiedBy=null, memberType=10]
2020-12-01 16:28:44;Inside ShareParameterBankingMasterRequest [slno=null, relationshipCode=null, relationship=null, name=null, shareValue=100.0, minShare=150, maxShare=600, dividendDeclared=152.0, createdBy=sat, modifiedBy=null, memberType=1]
2020-12-01 16:30:25;Inside ShareParameterBankingMasterRequest [slno=null, relationshipCode=null, relationship=null, name=null, shareValue=100.0, minShare=150, maxShare=600, dividendDeclared=152.0, createdBy=sat, modifiedBy=null, memberType=2]
2020-12-01 16:33:35;Inside ShareParameterBankingMasterRequest [slno=null, relationshipCode=null, relationship=null, name=null, shareValue=100.0, minShare=150, maxShare=600, dividendDeclared=152.0, createdBy=sat, modifiedBy=null, memberType=2]
2020-12-01 16:33:36;ShareParameter created successfullycom.app.entity.ShareParameter@7d74a3a3
2020-12-01 16:35:09;Inside ShareParameterBankingMasterRequest [slno=null, relationshipCode=null, relationship=null, name=null, shareValue=100.0, minShare=150, maxShare=600, dividendDeclared=152.0, createdBy=sat, modifiedBy=null, memberType=10]
2020-12-01 16:35:23;Inside ShareParameterBankingMasterRequest [slno=null, relationshipCode=null, relationship=null, name=null, shareValue=100.0, minShare=150, maxShare=600, dividendDeclared=152.0, createdBy=sat, modifiedBy=null, memberType=2]
2020-12-01 16:35:23;ShareParameter created successfullycom.app.entity.ShareParameter@5bbdf2cc
2020-12-01 16:40:59;Inside ShareParameterBankingMasterRequest [slno=null, relationshipCode=null, relationship=null, name=null, shareValue=100.0, minShare=150, maxShare=600, dividendDeclared=152.0, createdBy=sat, modifiedBy=null, memberType=2]
2020-12-01 16:40:59;ShareParameter created successfullycom.app.entity.ShareParameter@24f4d7a6
2020-12-01 16:41:24;Inside ShareParameterBankingMasterRequest [slno=null, relationshipCode=null, relationship=null, name=null, shareValue=100.0, minShare=150, maxShare=600, dividendDeclared=152.0, createdBy=sat, modifiedBy=null, memberType=1]
2020-12-01 16:41:44;Inside ShareParameterBankingMasterRequest [slno=null, relationshipCode=null, relationship=null, name=null, shareValue=100.0, minShare=10, maxShare=600, dividendDeclared=152.0, createdBy=sat, modifiedBy=null, memberType=1]
2020-12-01 16:41:54;Inside ShareParameterBankingMasterRequest [slno=null, relationshipCode=null, relationship=null, name=null, shareValue=100.0, minShare=10, maxShare=600, dividendDeclared=152.0, createdBy=sat, modifiedBy=null, memberType=2]
2020-12-01 16:41:54;ShareParameter created successfullycom.app.entity.ShareParameter@607e3d5e
2020-12-01 16:42:48;Inside ShareParameterBankingMasterRequest [slno=null, relationshipCode=null, relationship=null, name=null, shareValue=100.0, minShare=10, maxShare=600, dividendDeclared=152.0, createdBy=sat, modifiedBy=null, memberType=3]
2020-12-01 16:42:48;ShareParameter created successfullycom.app.entity.ShareParameter@1afb25e2
2020-12-01 16:42:55;Inside ShareParameterBankingMasterRequest [slno=null, relationshipCode=null, relationship=null, name=null, shareValue=100.0, minShare=10, maxShare=600, dividendDeclared=152.0, createdBy=sat, modifiedBy=null, memberType=1]
2020-12-01 16:45:11;Inside ShareParameterBankingMasterRequest [slno=null, relationshipCode=null, relationship=null, name=null, shareValue=null, minShare=null, maxShare=null, dividendDeclared=null, createdBy=null, modifiedBy=null, memberType=1]
2020-12-01 16:45:26;Inside ShareParameterBankingMasterRequest [slno=1, relationshipCode=null, relationship=null, name=null, shareValue=null, minShare=null, maxShare=null, dividendDeclared=null, createdBy=null, modifiedBy=null, memberType=null]
2020-12-01 16:51:27;Inside ShareParameterBankingMasterRequest [slno=null, relationshipCode=null, relationship=null, name=null, shareValue=100.0, minShare=10, maxShare=600, dividendDeclared=152.0, createdBy=sat, modifiedBy=null, memberType=1]
2020-12-01 16:51:39;Inside ShareParameterBankingMasterRequest [slno=null, relationshipCode=null, relationship=null, name=null, shareValue=100.0, minShare=10, maxShare=600, dividendDeclared=152.0, createdBy=sat, modifiedBy=null, memberType=2]
2020-12-01 16:53:09;Inside ShareParameterBankingMasterRequest [slno=null, relationshipCode=null, relationship=null, name=null, shareValue=100.0, minShare=10, maxShare=600, dividendDeclared=152.0, createdBy=sat, modifiedBy=null, memberType=1]
2020-12-01 16:55:26;Inside ShareParameterBankingMasterRequest [slno=null, relationshipCode=null, relationship=null, name=null, shareValue=100.0, minShare=10, maxShare=600, dividendDeclared=152.0, createdBy=sat, modifiedBy=null, memberType=1]
2020-12-01 17:02:06;Inside ShareParameterBankingMasterRequest [slno=null, relationshipCode=null, relationship=null, name=null, shareValue=100.0, minShare=10, maxShare=600, dividendDeclared=152.0, createdBy=sat, modifiedBy=null, memberType=1]
2020-12-01 17:02:07;ShareParameter created successfullycom.app.entity.ShareParameter@4c4aa428
2020-12-01 17:02:15;Inside ShareParameterBankingMasterRequest [slno=null, relationshipCode=null, relationship=null, name=null, shareValue=100.0, minShare=10, maxShare=600, dividendDeclared=152.0, createdBy=sat, modifiedBy=null, memberType=2]
2020-12-01 17:02:25;Inside ShareParameterBankingMasterRequest [slno=null, relationshipCode=null, relationship=null, name=null, shareValue=100.0, minShare=10, maxShare=600, dividendDeclared=152.0, createdBy=sat, modifiedBy=null, memberType=10]
2020-12-01 17:02:32;Inside ShareParameterBankingMasterRequest [slno=null, relationshipCode=null, relationship=null, name=null, shareValue=100.0, minShare=10, maxShare=600, dividendDeclared=152.0, createdBy=sat, modifiedBy=null, memberType=2]
2020-12-01 17:04:13;Inside ShareParameterBankingMasterRequest [slno=null, relationshipCode=null, relationship=null, name=null, shareValue=100.0, minShare=10, maxShare=600, dividendDeclared=152.0, createdBy=sat, modifiedBy=null, memberType=2]
2020-12-01 17:04:15;Inside ShareParameterBankingMasterRequest [slno=null, relationshipCode=null, relationship=null, name=null, shareValue=100.0, minShare=10, maxShare=600, dividendDeclared=152.0, createdBy=sat, modifiedBy=null, memberType=2]
2020-12-01 17:04:16;Inside ShareParameterBankingMasterRequest [slno=null, relationshipCode=null, relationship=null, name=null, shareValue=100.0, minShare=10, maxShare=600, dividendDeclared=152.0, createdBy=sat, modifiedBy=null, memberType=2]
2020-12-01 17:06:35;Inside ShareParameterBankingMasterRequest [slno=null, relationshipCode=null, relationship=null, name=null, shareValue=100.0, minShare=10, maxShare=600, dividendDeclared=152.0, createdBy=sat, modifiedBy=null, memberType=2]
2020-12-01 17:06:52;Inside ShareParameterBankingMasterRequest [slno=null, relationshipCode=null, relationship=null, name=null, shareValue=100.0, minShare=10, maxShare=600, dividendDeclared=152.0, createdBy=sat, modifiedBy=null, memberType=2]
2020-12-01 17:07:15;Inside ShareParameterBankingMasterRequest [slno=null, relationshipCode=null, relationship=null, name=null, shareValue=100.0, minShare=10, maxShare=600, dividendDeclared=152.0, createdBy=sat, modifiedBy=null, memberType=2]
2020-12-01 17:07:17;Inside ShareParameterBankingMasterRequest [slno=null, relationshipCode=null, relationship=null, name=null, shareValue=100.0, minShare=10, maxShare=600, dividendDeclared=152.0, createdBy=sat, modifiedBy=null, memberType=2]
2020-12-01 17:07:18;Inside ShareParameterBankingMasterRequest [slno=null, relationshipCode=null, relationship=null, name=null, shareValue=100.0, minShare=10, maxShare=600, dividendDeclared=152.0, createdBy=sat, modifiedBy=null, memberType=2]
2020-12-01 17:15:19;Inside ShareParameterBankingMasterRequest [slno=null, relationshipCode=null, relationship=null, name=null, shareValue=100.0, minShare=10, maxShare=600, dividendDeclared=152.0, createdBy=sat, modifiedBy=null, memberType=2]
2020-12-01 17:16:16;Inside ShareParameterBankingMasterRequest [slno=null, relationshipCode=null, relationship=null, name=null, shareValue=100.0, minShare=10, maxShare=600, dividendDeclared=152.0, createdBy=sat, modifiedBy=null, memberType=null]
2020-12-01 17:20:37;Inside ShareParameterBankingMasterRequest [slno=null, relationshipCode=null, relationship=null, name=null, shareValue=100.0, minShare=10, maxShare=600, dividendDeclared=152.0, createdBy=sat, modifiedBy=null, memberType=null]
2020-12-01 17:20:44;Inside ShareParameterBankingMasterRequest [slno=null, relationshipCode=null, relationship=null, name=null, shareValue=100.0, minShare=10, maxShare=600, dividendDeclared=152.0, createdBy=sat, modifiedBy=null, memberType=2]
2020-12-01 17:30:28;Inside ShareParameterBankingMasterRequest [slno=null, relationshipCode=null, relationship=null, name=null, shareValue=100.0, minShare=10, maxShare=600, dividendDeclared=152.0, createdBy=sat, modifiedBy=null, memberType=2]
2020-12-01 17:30:37;Inside ShareParameterBankingMasterRequest [slno=null, relationshipCode=null, relationship=null, name=null, shareValue=100.0, minShare=10, maxShare=600, dividendDeclared=152.0, createdBy=sat, modifiedBy=null, memberType=10]
2020-12-01 17:30:43;Inside ShareParameterBankingMasterRequest [slno=null, relationshipCode=null, relationship=null, name=null, shareValue=100.0, minShare=10, maxShare=600, dividendDeclared=152.0, createdBy=sat, modifiedBy=null, memberType=1]
2020-12-01 17:30:56;Inside ShareParameterBankingMasterRequest [slno=null, relationshipCode=null, relationship=null, name=null, shareValue=100.0, minShare=10, maxShare=600, dividendDeclared=152.0, createdBy=sat, modifiedBy=null, memberType=3]
2020-12-01 17:31:46;Inside MemberTypeBankingMasterRequest [slno=null, relationshipCode=null, relationship=null, name=satish , shareValue=null, minShare=null, maxShare=null, dividendDeclared=null, createdBy=sat, modifiedBy=null, memberType=null]
2020-12-01 17:31:46;MemberType created successfullyMemberType [slno=29, name=satish , createdBy=sat, modifiedBy=null, createdOn=2020-12-01, createdAt=17:31:46, modifiedAt=null, modifiedOn=null]
2020-12-01 17:32:10;Inside ShareParameterBankingMasterRequest [slno=null, relationshipCode=null, relationship=null, name=null, shareValue=10.0, minShare=10, maxShare=40, dividendDeclared=152.0, createdBy=satish, modifiedBy=null, memberType=4]
2020-12-01 17:32:21;Inside ShareParameterBankingMasterRequest [slno=null, relationshipCode=null, relationship=null, name=null, shareValue=10.0, minShare=10, maxShare=40, dividendDeclared=152.0, createdBy=satish, modifiedBy=null, memberType=4]
2020-12-01 17:34:05;Inside ShareParameterBankingMasterRequest [slno=null, relationshipCode=null, relationship=null, name=null, shareValue=10.0, minShare=10, maxShare=40, dividendDeclared=152.0, createdBy=satish, modifiedBy=null, memberType=4]
2020-12-01 17:34:05;ShareParameter created successfullycom.app.entity.ShareParameter@470fc5a
2020-12-01 17:34:13;Inside ShareParameterBankingMasterRequest [slno=null, relationshipCode=null, relationship=null, name=null, shareValue=10.0, minShare=10, maxShare=40, dividendDeclared=152.0, createdBy=satish, modifiedBy=null, memberType=4]
2020-12-01 17:34:19;Inside ShareParameterBankingMasterRequest [slno=null, relationshipCode=null, relationship=null, name=null, shareValue=10.0, minShare=10, maxShare=40, dividendDeclared=152.0, createdBy=satish, modifiedBy=null, memberType=1]
2020-12-01 17:34:25;Inside ShareParameterBankingMasterRequest [slno=null, relationshipCode=null, relationship=null, name=null, shareValue=10.0, minShare=10, maxShare=40, dividendDeclared=152.0, createdBy=satish, modifiedBy=null, memberType=5]
2020-12-01 17:34:33;Inside ShareParameterBankingMasterRequest [slno=null, relationshipCode=null, relationship=null, name=null, shareValue=10.0, minShare=10, maxShare=40, dividendDeclared=152.0, createdBy=satish, modifiedBy=null, memberType=0]
2020-12-01 17:34:45;Inside MemberTypeBankingMasterRequest [slno=null, relationshipCode=null, relationship=null, name=bsq , shareValue=null, minShare=null, maxShare=null, dividendDeclared=null, createdBy=sat, modifiedBy=null, memberType=null]
2020-12-01 17:34:45;MemberType created successfullyMemberType [slno=31, name=bsq , createdBy=sat, modifiedBy=null, createdOn=2020-12-01, createdAt=17:34:45, modifiedAt=null, modifiedOn=null]
2020-12-01 17:35:00;Inside ShareParameterBankingMasterRequest [slno=null, relationshipCode=null, relationship=null, name=null, shareValue=177.0, minShare=1880, maxShare=4990, dividendDeclared=152.0, createdBy=satish, modifiedBy=null, memberType=5]
2020-12-01 17:35:00;ShareParameter created successfullycom.app.entity.ShareParameter@b19ef44
2020-12-01 17:35:10;Inside ShareParameterBankingMasterRequest [slno=null, relationshipCode=null, relationship=null, name=null, shareValue=177.0, minShare=1880, maxShare=4990, dividendDeclared=152.0, createdBy=satish, modifiedBy=null, memberType=7]
2020-12-01 17:35:17;Inside ShareParameterBankingMasterRequest [slno=null, relationshipCode=null, relationship=null, name=null, shareValue=177.0, minShare=1880, maxShare=4990, dividendDeclared=152.0, createdBy=satish, modifiedBy=null, memberType=3]
2020-12-01 17:35:23;Inside ShareParameterBankingMasterRequest [slno=null, relationshipCode=null, relationship=null, name=null, shareValue=177.0, minShare=1880, maxShare=4990, dividendDeclared=152.0, createdBy=satish, modifiedBy=null, memberType=1]
2020-12-01 17:35:28;Inside ShareParameterBankingMasterRequest [slno=null, relationshipCode=null, relationship=null, name=null, shareValue=177.0, minShare=1880, maxShare=4990, dividendDeclared=152.0, createdBy=satish, modifiedBy=null, memberType=11]
2020-12-01 17:40:18;Inside ShareParameterBankingMasterRequest [slno=null, relationshipCode=null, relationship=null, name=null, shareValue=177.0, minShare=1880, maxShare=4990, dividendDeclared=152.0, createdBy=satish, modifiedBy=null, memberType=11]
2020-12-01 17:40:44;Inside ShareParameterBankingMasterRequest [slno=1, relationshipCode=null, relationship=null, name=null, shareValue=177.0, minShare=1880, maxShare=4990, dividendDeclared=152.0, createdBy=satish, modifiedBy=null, memberType=11]
2020-12-01 17:52:20;Inside ShareParameterBankingMasterRequest [slno=2, relationshipCode=null, relationship=null, name=null, shareValue=177.0, minShare=1880, maxShare=4990, dividendDeclared=152.0, createdBy=satish, modifiedBy=null, memberType=11]
2020-12-01 17:54:58;Inside MemberTypeBankingMasterRequest [slno=1, relationshipCode=null, relationship=null, name=Nominal Member, shareValue=null, minShare=null, maxShare=null, dividendDeclared=null, createdBy=keerthana, modifiedBy=sat, memberType=null]
2020-12-01 17:55:35;Inside MemberTypeBankingMasterRequest [slno=1, relationshipCode=null, relationship=null, name=Nominee, shareValue=null, minShare=null, maxShare=null, dividendDeclared=null, createdBy=keerthana, modifiedBy=sat, memberType=null]
2020-12-01 17:55:35;MemberType created successfullyMemberType [slno=33, name=Nominee, createdBy=keerthana, modifiedBy=null, createdOn=2020-12-01, createdAt=17:55:35, modifiedAt=null, modifiedOn=null]
2020-12-01 17:56:12;Inside MemberTypeBankingMasterRequest [slno=1, relationshipCode=null, relationship=null, name=Trustee, shareValue=null, minShare=null, maxShare=null, dividendDeclared=null, createdBy=keerthana, modifiedBy=sat, memberType=null]
2020-12-01 17:56:12;MemberType created successfullyMemberType [slno=34, name=Trustee, createdBy=keerthana, modifiedBy=null, createdOn=2020-12-01, createdAt=17:56:12, modifiedAt=null, modifiedOn=null]
2020-12-01 17:56:28;Inside RelationshipBankingMasterRequest [slno=7, relationshipCode=null, relationship=null, name=Trustee, shareValue=null, minShare=null, maxShare=null, dividendDeclared=null, createdBy=keerthana, modifiedBy=sat, memberType=null]
2020-12-01 17:57:05;Inside RelationshipBankingMasterRequest [slno=7, relationshipCode=null, relationship=null, name=Director, shareValue=null, minShare=null, maxShare=null, dividendDeclared=null, createdBy=keerthana, modifiedBy=keerthana, memberType=null]
2020-12-01 17:57:23;Inside RelationshipBankingMasterRequest [slno=7, relationshipCode=null, relationship=null, name=Director, shareValue=null, minShare=null, maxShare=null, dividendDeclared=null, createdBy=keerthana, modifiedBy=keerthana, memberType=null]
2020-12-01 17:57:43;Inside RelationshipBankingMasterRequest [slno=7, relationshipCode=null, relationship=null, name=Director, shareValue=null, minShare=null, maxShare=null, dividendDeclared=null, createdBy=keerthana, modifiedBy=keerthana, memberType=null]
2020-12-01 17:57:54;Inside RelationshipBankingMasterRequest [slno=7, relationshipCode=null, relationship=null, name=Director, shareValue=null, minShare=null, maxShare=null, dividendDeclared=null, createdBy=keerthana, modifiedBy=keerthana, memberType=null]
2020-12-01 18:33:31;Inside ShareParameterBankingMasterRequest [slno=2, relationshipCode=null, relationship=null, name=null, shareValue=177.0, minShare=1880, maxShare=4990, dividendDeclared=152.0, createdBy=satish, modifiedBy=null, memberType=11]
2020-12-01 18:33:55;Inside ShareParameterBankingMasterRequest [slno=2, relationshipCode=null, relationship=null, name=null, shareValue=177.0, minShare=1, maxShare=4990, dividendDeclared=152.0, createdBy=satish, modifiedBy=null, memberType=11]
2020-12-01 18:34:21;Inside RelationshipBankingMasterRequest [slno=2, relationshipCode=null, relationship=null, name=null, shareValue=177.0, minShare=1, maxShare=4990, dividendDeclared=152.0, createdBy=satish, modifiedBy=null, memberType=11]
2020-12-01 18:34:27;Inside RelationshipBankingMasterRequest [slno=3, relationshipCode=null, relationship=null, name=null, shareValue=177.0, minShare=1, maxShare=4990, dividendDeclared=152.0, createdBy=satish, modifiedBy=null, memberType=11]
2020-12-01 18:35:23;Inside ShareParameterBankingMasterRequest [slno=5, relationshipCode=null, relationship=null, name=null, shareValue=177.0, minShare=1, maxShare=4990, dividendDeclared=152.0, createdBy=satish, modifiedBy=null, memberType=11]
2020-12-01 18:35:33;Inside ShareParameterBankingMasterRequest [slno=10, relationshipCode=null, relationship=null, name=null, shareValue=177.0, minShare=1, maxShare=4990, dividendDeclared=152.0, createdBy=satish, modifiedBy=null, memberType=11]
2020-12-01 18:37:14;Inside ShareParameterBankingMasterRequest [slno=1, relationshipCode=null, relationship=null, name=null, shareValue=177.0, minShare=1, maxShare=4990, dividendDeclared=152.0, createdBy=satish, modifiedBy=null, memberType=3]
2020-12-01 18:39:17;Inside RelationshipBankingMasterRequest [slno=6, relationshipCode=null, relationship=null, name=null, shareValue=177.0, minShare=1, maxShare=4990, dividendDeclared=152.0, createdBy=satish, modifiedBy=null, memberType=3]
2020-12-01 18:46:36;Inside ShareParameterBankingMasterRequest [slno=1, relationshipCode=null, relationship=null, name=null, shareValue=0.0, minShare=0, maxShare=0, dividendDeclared=0.0, createdBy=satish, modifiedBy=null, memberType=2]
2020-12-01 18:47:57;Inside ShareParameterBankingMasterRequest [slno=1, relationshipCode=null, relationship=null, name=null, shareValue=0.0, minShare=0, maxShare=0, dividendDeclared=0.0, createdBy=satish, modifiedBy=null, memberType=2]
2020-12-01 18:50:01;Inside ShareParameterBankingMasterRequest [slno=1, relationshipCode=null, relationship=null, name=null, shareValue=177.0, minShare=1, maxShare=4990, dividendDeclared=152.0, createdBy=satish, modifiedBy=null, memberType=3]
2020-12-01 18:52:01;Inside ShareParameterBankingMasterRequest [slno=1, relationshipCode=null, relationship=null, name=null, shareValue=177.0, minShare=1, maxShare=4990, dividendDeclared=152.0, createdBy=null, modifiedBy=satish, memberType=2]
2020-12-01 18:54:17;Inside ShareParameterBankingMasterRequest [slno=1, relationshipCode=null, relationship=null, name=null, shareValue=0.0, minShare=1, maxShare=0, dividendDeclared=0.0, createdBy=null, modifiedBy=satish, memberType=2]
2020-12-01 18:56:57;Inside ShareParameterBankingMasterRequest [slno=1, relationshipCode=null, relationship=null, name=null, shareValue=0.0, minShare=1, maxShare=0, dividendDeclared=0.0, createdBy=null, modifiedBy=satish, memberType=2]
2020-12-01 18:57:03;Inside ShareParameterBankingMasterRequest [slno=1, relationshipCode=null, relationship=null, name=null, shareValue=0.0, minShare=1, maxShare=0, dividendDeclared=0.0, createdBy=null, modifiedBy=satish, memberType=2]
2020-12-01 19:01:37;Inside ShareParameterBankingMasterRequest [slno=1, relationshipCode=null, relationship=null, name=null, shareValue=0.0, minShare=1, maxShare=0, dividendDeclared=0.0, createdBy=null, modifiedBy=satish, memberType=2]
2020-12-01 19:07:46;Inside ShareParameterBankingMasterRequest [slno=6, relationshipCode=null, relationship=null, name=null, shareValue=0.0, minShare=1, maxShare=0, dividendDeclared=0.0, createdBy=null, modifiedBy=satish, memberType=2]
